
==================== 2025-09-26 11:58:11.871336 ====================
CWD: C:\Users\adw73\Desktop\01 - Desenvolvimento\02 - Projetos\01 - Gerador de Orçamento\orcamento_rev2\sistema-versao
COMMAND: "C:\Program Files\Git\bin\git.exe" log --date=format:"%d/%m %H:%M" --pretty=format:"%h<|>%ad<|>%s<|>%at" -20
RETURN CODE: 0
STDOUT:
2ce7dee<|>26/09 11:31<|>feat(deploy): add comprehensive deployment system with scripts and GUI manager<|>1758897110
STDERR:


==================== 2025-09-26 11:58:12.052200 ====================
CWD: C:\Users\adw73\Desktop\01 - Desenvolvimento\02 - Projetos\01 - Gerador de Orçamento\orcamento_rev2\sistema-versao
COMMAND: "C:\Program Files\Git\bin\git.exe" tag --points-at 2ce7dee
RETURN CODE: 0
STDOUT:

STDERR:


==================== 2025-09-26 11:58:12.210403 ====================
CWD: C:\Users\adw73\Desktop\01 - Desenvolvimento\02 - Projetos\01 - Gerador de Orçamento\orcamento_rev2\sistema-versao
COMMAND: "C:\Program Files\Git\bin\git.exe" status --porcelain
RETURN CODE: 0
STDOUT:
 D README_CORRECOES.md
 D deploy_fix.bat
 D deploy_manager.py
 D deploy_rapido.py
 D deploy_simples.bat
 D executar_deploy_manager.bat
 D fix_build.py
 D fix_deploy.py
 D fix_final.bat
 D fix_windows_errors.bat
 D gerenciador_versao_completo.py
 D verificar_sistema.bat
?? debug.log
?? gerenciador_versao_unificado.py

STDERR:


==================== 2025-09-26 11:58:12.359198 ====================
CWD: C:\Users\adw73\Desktop\01 - Desenvolvimento\02 - Projetos\01 - Gerador de Orçamento\orcamento_rev2\sistema-versao
COMMAND: "C:\Program Files\Git\bin\git.exe" branch --show-current
RETURN CODE: 0
STDOUT:
master

STDERR:


==================== 2025-09-26 11:58:12.496095 ====================
CWD: C:\Users\adw73\Desktop\01 - Desenvolvimento\02 - Projetos\01 - Gerador de Orçamento\orcamento_rev2\sistema-versao
COMMAND: "C:\Program Files\Git\bin\git.exe" for-each-ref --format="%(refname:short)<|>%(committerdate:format:%d/%m %H:%M)<|>%(committerdate:unix)" refs/heads/
RETURN CODE: 0
STDOUT:
master<|>26/09 11:31<|>1758897110

STDERR:


==================== 2025-09-26 11:58:12.636307 ====================
CWD: C:\Users\adw73\Desktop\01 - Desenvolvimento\02 - Projetos\01 - Gerador de Orçamento\orcamento_rev2\sistema-versao
COMMAND: "C:\Program Files\Git\bin\git.exe" branch --show-current
RETURN CODE: 0
STDOUT:
master

STDERR:


==================== 2025-09-26 11:58:12.771984 ====================
CWD: C:\Users\adw73\Desktop\01 - Desenvolvimento\02 - Projetos\01 - Gerador de Orçamento\orcamento_rev2\sistema-versao
COMMAND: "C:\Program Files\Git\bin\git.exe" status --porcelain
RETURN CODE: 0
STDOUT:
 D README_CORRECOES.md
 D deploy_fix.bat
 D deploy_manager.py
 D deploy_rapido.py
 D deploy_simples.bat
 D executar_deploy_manager.bat
 D fix_build.py
 D fix_deploy.py
 D fix_final.bat
 D fix_windows_errors.bat
 D gerenciador_versao_completo.py
 D verificar_sistema.bat
?? debug.log
?? gerenciador_versao_unificado.py

STDERR:


==================== 2025-09-26 11:58:19.293627 ====================
CWD: C:\Users\adw73\Desktop\01 - Desenvolvimento\02 - Projetos\01 - Gerador de Orçamento\orcamento_rev2\sistema-versao
COMMAND: "C:\Program Files\Git\bin\git.exe" log --date=format:"%d/%m %H:%M" --pretty=format:"%h<|>%ad<|>%s<|>%at" -20
RETURN CODE: 0
STDOUT:
2ce7dee<|>26/09 11:31<|>feat(deploy): add comprehensive deployment system with scripts and GUI manager<|>1758897110
STDERR:


==================== 2025-09-26 11:58:19.425526 ====================
CWD: C:\Users\adw73\Desktop\01 - Desenvolvimento\02 - Projetos\01 - Gerador de Orçamento\orcamento_rev2\sistema-versao
COMMAND: "C:\Program Files\Git\bin\git.exe" tag --points-at 2ce7dee
RETURN CODE: 0
STDOUT:

STDERR:


==================== 2025-09-26 11:58:19.556366 ====================
CWD: C:\Users\adw73\Desktop\01 - Desenvolvimento\02 - Projetos\01 - Gerador de Orçamento\orcamento_rev2\sistema-versao
COMMAND: "C:\Program Files\Git\bin\git.exe" status --porcelain
RETURN CODE: 0
STDOUT:
 D README_CORRECOES.md
 D deploy_fix.bat
 D deploy_manager.py
 D deploy_rapido.py
 D deploy_simples.bat
 D executar_deploy_manager.bat
 D fix_build.py
 D fix_deploy.py
 D fix_final.bat
 D fix_windows_errors.bat
 D gerenciador_versao_completo.py
 D verificar_sistema.bat
?? debug.log
?? gerenciador_versao_unificado.py

STDERR:


==================== 2025-09-26 11:58:19.693905 ====================
CWD: C:\Users\adw73\Desktop\01 - Desenvolvimento\02 - Projetos\01 - Gerador de Orçamento\orcamento_rev2\sistema-versao
COMMAND: "C:\Program Files\Git\bin\git.exe" branch --show-current
RETURN CODE: 0
STDOUT:
master

STDERR:


==================== 2025-09-26 11:58:19.822553 ====================
CWD: C:\Users\adw73\Desktop\01 - Desenvolvimento\02 - Projetos\01 - Gerador de Orçamento\orcamento_rev2\sistema-versao
COMMAND: "C:\Program Files\Git\bin\git.exe" for-each-ref --format="%(refname:short)<|>%(committerdate:format:%d/%m %H:%M)<|>%(committerdate:unix)" refs/heads/
RETURN CODE: 0
STDOUT:
master<|>26/09 11:31<|>1758897110

STDERR:


==================== 2025-09-26 11:58:19.999720 ====================
CWD: C:\Users\adw73\Desktop\01 - Desenvolvimento\02 - Projetos\01 - Gerador de Orçamento\orcamento_rev2\sistema-versao
COMMAND: "C:\Program Files\Git\bin\git.exe" branch --show-current
RETURN CODE: 0
STDOUT:
master

STDERR:


==================== 2025-09-26 11:58:20.132862 ====================
CWD: C:\Users\adw73\Desktop\01 - Desenvolvimento\02 - Projetos\01 - Gerador de Orçamento\orcamento_rev2\sistema-versao
COMMAND: "C:\Program Files\Git\bin\git.exe" status --porcelain
RETURN CODE: 0
STDOUT:
 D README_CORRECOES.md
 D deploy_fix.bat
 D deploy_manager.py
 D deploy_rapido.py
 D deploy_simples.bat
 D executar_deploy_manager.bat
 D fix_build.py
 D fix_deploy.py
 D fix_final.bat
 D fix_windows_errors.bat
 D gerenciador_versao_completo.py
 D verificar_sistema.bat
?? debug.log
?? gerenciador_versao_unificado.py

STDERR:


==================== 2025-09-26 11:58:33.075348 ====================
CWD: C:/Users/adw73/Desktop/01 - Desenvolvimento/02 - Projetos/01 - Gerador de Orçamento/orcamento_rev2
COMMAND: "C:\Program Files\Git\bin\git.exe" log --date=format:"%d/%m %H:%M" --pretty=format:"%h<|>%ad<|>%s<|>%at" -20
RETURN CODE: 0
STDOUT:
b702a10<|>26/09 11:31<|>refactor(version_control): improve robustness and error handling in git operations<|>1758897099
76b1d22<|>07/08 23:25<|>ordenacao tamanhos tabela resumo impressao<|>1754619940
bdb8552<|>07/08 22:23<|>ordenação tamanhos na tebela resumo<|>1754616201
7cbe8ab<|>07/08 21:24<|>nao sei mas ta funcionando<|>1754612678
500756a<|>24/07 22:26<|>Valor total ficha tecncia<|>1753406775
b3f035c<|>24/07 12:58<|>correcao erro deploy<|>1753372682
9abe844<|>24/07 12:34<|>atualizacao yaml<|>1753371241
2fa34f6<|>17/07 20:15<|>nao sei, se comecar dar problema, volte<|>1752794126
f6b2118<|>11/07 13:26<|>supabase largura arte<|>1752251174
8bc1e9d<|>09/07 14:09<|>separaçao produtos tabela<|>1752080976
f9e4b8a<|>09/07 13:55<|>duplicar item<|>1752080109
5f9387d<|>07/07 21:57<|>salvamento<|>1751936269
9fa0aeb<|>03/07 23:00<|>itens orcamento<|>1751594404
bb5ed2e<|>03/07 22:45<|>pesquisa produtos itens orçamento<|>1751593518
30c65c6<|>02/07 16:32<|>filtro tabela de produtos<|>1751484766
81c37a8<|>30/06 22:16<|>correcao gerador de orcamento<|>1751332593
cef4888<|>26/06 15:32<|>ocorrecao ordem colunas itens orcamentos<|>1750962720
a831c8e<|>26/06 15:11<|>correcao salvamento<|>1750961503
ae336bb<|>23/06 18:33<|>edicao arte<|>1750714401
c42672a<|>23/06 18:19<|>correcao inserir arte<|>1750713555
STDERR:


==================== 2025-09-26 11:58:33.235384 ====================
CWD: C:/Users/adw73/Desktop/01 - Desenvolvimento/02 - Projetos/01 - Gerador de Orçamento/orcamento_rev2
COMMAND: "C:\Program Files\Git\bin\git.exe" tag --points-at b702a10
RETURN CODE: 0
STDOUT:

STDERR:


==================== 2025-09-26 11:58:33.380717 ====================
CWD: C:/Users/adw73/Desktop/01 - Desenvolvimento/02 - Projetos/01 - Gerador de Orçamento/orcamento_rev2
COMMAND: "C:\Program Files\Git\bin\git.exe" tag --points-at 76b1d22
RETURN CODE: 0
STDOUT:

STDERR:


==================== 2025-09-26 11:58:33.518808 ====================
CWD: C:/Users/adw73/Desktop/01 - Desenvolvimento/02 - Projetos/01 - Gerador de Orçamento/orcamento_rev2
COMMAND: "C:\Program Files\Git\bin\git.exe" tag --points-at bdb8552
RETURN CODE: 0
STDOUT:

STDERR:


==================== 2025-09-26 11:58:33.655766 ====================
CWD: C:/Users/adw73/Desktop/01 - Desenvolvimento/02 - Projetos/01 - Gerador de Orçamento/orcamento_rev2
COMMAND: "C:\Program Files\Git\bin\git.exe" tag --points-at 7cbe8ab
RETURN CODE: 0
STDOUT:

STDERR:


==================== 2025-09-26 11:58:33.797914 ====================
CWD: C:/Users/adw73/Desktop/01 - Desenvolvimento/02 - Projetos/01 - Gerador de Orçamento/orcamento_rev2
COMMAND: "C:\Program Files\Git\bin\git.exe" tag --points-at 500756a
RETURN CODE: 0
STDOUT:

STDERR:


==================== 2025-09-26 11:58:33.942677 ====================
CWD: C:/Users/adw73/Desktop/01 - Desenvolvimento/02 - Projetos/01 - Gerador de Orçamento/orcamento_rev2
COMMAND: "C:\Program Files\Git\bin\git.exe" tag --points-at b3f035c
RETURN CODE: 0
STDOUT:

STDERR:


==================== 2025-09-26 11:58:34.079975 ====================
CWD: C:/Users/adw73/Desktop/01 - Desenvolvimento/02 - Projetos/01 - Gerador de Orçamento/orcamento_rev2
COMMAND: "C:\Program Files\Git\bin\git.exe" tag --points-at 9abe844
RETURN CODE: 0
STDOUT:

STDERR:


==================== 2025-09-26 11:58:34.214215 ====================
CWD: C:/Users/adw73/Desktop/01 - Desenvolvimento/02 - Projetos/01 - Gerador de Orçamento/orcamento_rev2
COMMAND: "C:\Program Files\Git\bin\git.exe" tag --points-at 2fa34f6
RETURN CODE: 0
STDOUT:

STDERR:


==================== 2025-09-26 11:58:34.355033 ====================
CWD: C:/Users/adw73/Desktop/01 - Desenvolvimento/02 - Projetos/01 - Gerador de Orçamento/orcamento_rev2
COMMAND: "C:\Program Files\Git\bin\git.exe" tag --points-at f6b2118
RETURN CODE: 0
STDOUT:

STDERR:


==================== 2025-09-26 11:58:34.494609 ====================
CWD: C:/Users/adw73/Desktop/01 - Desenvolvimento/02 - Projetos/01 - Gerador de Orçamento/orcamento_rev2
COMMAND: "C:\Program Files\Git\bin\git.exe" tag --points-at 8bc1e9d
RETURN CODE: 0
STDOUT:

STDERR:


==================== 2025-09-26 11:58:34.631640 ====================
CWD: C:/Users/adw73/Desktop/01 - Desenvolvimento/02 - Projetos/01 - Gerador de Orçamento/orcamento_rev2
COMMAND: "C:\Program Files\Git\bin\git.exe" tag --points-at f9e4b8a
RETURN CODE: 0
STDOUT:

STDERR:


==================== 2025-09-26 11:58:34.767881 ====================
CWD: C:/Users/adw73/Desktop/01 - Desenvolvimento/02 - Projetos/01 - Gerador de Orçamento/orcamento_rev2
COMMAND: "C:\Program Files\Git\bin\git.exe" tag --points-at 5f9387d
RETURN CODE: 0
STDOUT:

STDERR:


==================== 2025-09-26 11:58:34.916458 ====================
CWD: C:/Users/adw73/Desktop/01 - Desenvolvimento/02 - Projetos/01 - Gerador de Orçamento/orcamento_rev2
COMMAND: "C:\Program Files\Git\bin\git.exe" tag --points-at 9fa0aeb
RETURN CODE: 0
STDOUT:

STDERR:


==================== 2025-09-26 11:58:35.070406 ====================
CWD: C:/Users/adw73/Desktop/01 - Desenvolvimento/02 - Projetos/01 - Gerador de Orçamento/orcamento_rev2
COMMAND: "C:\Program Files\Git\bin\git.exe" tag --points-at bb5ed2e
RETURN CODE: 0
STDOUT:

STDERR:


==================== 2025-09-26 11:58:35.205753 ====================
CWD: C:/Users/adw73/Desktop/01 - Desenvolvimento/02 - Projetos/01 - Gerador de Orçamento/orcamento_rev2
COMMAND: "C:\Program Files\Git\bin\git.exe" tag --points-at 30c65c6
RETURN CODE: 0
STDOUT:

STDERR:


==================== 2025-09-26 11:58:35.388723 ====================
CWD: C:/Users/adw73/Desktop/01 - Desenvolvimento/02 - Projetos/01 - Gerador de Orçamento/orcamento_rev2
COMMAND: "C:\Program Files\Git\bin\git.exe" tag --points-at 81c37a8
RETURN CODE: 0
STDOUT:

STDERR:


==================== 2025-09-26 11:58:35.532128 ====================
CWD: C:/Users/adw73/Desktop/01 - Desenvolvimento/02 - Projetos/01 - Gerador de Orçamento/orcamento_rev2
COMMAND: "C:\Program Files\Git\bin\git.exe" tag --points-at cef4888
RETURN CODE: 0
STDOUT:

STDERR:


==================== 2025-09-26 11:58:35.670970 ====================
CWD: C:/Users/adw73/Desktop/01 - Desenvolvimento/02 - Projetos/01 - Gerador de Orçamento/orcamento_rev2
COMMAND: "C:\Program Files\Git\bin\git.exe" tag --points-at a831c8e
RETURN CODE: 0
STDOUT:

STDERR:


==================== 2025-09-26 11:58:35.809809 ====================
CWD: C:/Users/adw73/Desktop/01 - Desenvolvimento/02 - Projetos/01 - Gerador de Orçamento/orcamento_rev2
COMMAND: "C:\Program Files\Git\bin\git.exe" tag --points-at ae336bb
RETURN CODE: 0
STDOUT:

STDERR:


==================== 2025-09-26 11:58:35.943969 ====================
CWD: C:/Users/adw73/Desktop/01 - Desenvolvimento/02 - Projetos/01 - Gerador de Orçamento/orcamento_rev2
COMMAND: "C:\Program Files\Git\bin\git.exe" tag --points-at c42672a

==================== 2025-09-26 11:58:36.055575 ====================
CWD: C:/Users/adw73/Desktop/01 - Desenvolvimento/02 - Projetos/01 - Gerador de Orçamento/orcamento_rev2
COMMAND: "C:\Program Files\Git\bin\git.exe" log --date=format:"%d/%m %H:%M" --pretty=format:"%h<|>%ad<|>%s<|>%at" -20
RETURN CODE: 0
STDOUT:

STDERR:


==================== 2025-09-26 11:58:36.088775 ====================
CWD: C:/Users/adw73/Desktop/01 - Desenvolvimento/02 - Projetos/01 - Gerador de Orçamento/orcamento_rev2
COMMAND: "C:\Program Files\Git\bin\git.exe" status --porcelain
RETURN CODE: 0
STDOUT:
b702a10<|>26/09 11:31<|>refactor(version_control): improve robustness and error handling in git operations<|>1758897099
76b1d22<|>07/08 23:25<|>ordenacao tamanhos tabela resumo impressao<|>1754619940
bdb8552<|>07/08 22:23<|>ordenação tamanhos na tebela resumo<|>1754616201
7cbe8ab<|>07/08 21:24<|>nao sei mas ta funcionando<|>1754612678
500756a<|>24/07 22:26<|>Valor total ficha tecncia<|>1753406775
b3f035c<|>24/07 12:58<|>correcao erro deploy<|>1753372682
9abe844<|>24/07 12:34<|>atualizacao yaml<|>1753371241
2fa34f6<|>17/07 20:15<|>nao sei, se comecar dar problema, volte<|>1752794126
f6b2118<|>11/07 13:26<|>supabase largura arte<|>1752251174
8bc1e9d<|>09/07 14:09<|>separaçao produtos tabela<|>1752080976
f9e4b8a<|>09/07 13:55<|>duplicar item<|>1752080109
5f9387d<|>07/07 21:57<|>salvamento<|>1751936269
9fa0aeb<|>03/07 23:00<|>itens orcamento<|>1751594404
bb5ed2e<|>03/07 22:45<|>pesquisa produtos itens orçamento<|>1751593518
30c65c6<|>02/07 16:32<|>filtro tabela de produtos<|>1751484766
81c37a8<|>30/06 22:16<|>correcao gerador de orcamento<|>1751332593
cef4888<|>26/06 15:32<|>ocorrecao ordem colunas itens orcamentos<|>1750962720
a831c8e<|>26/06 15:11<|>correcao salvamento<|>1750961503
ae336bb<|>23/06 18:33<|>edicao arte<|>1750714401
c42672a<|>23/06 18:19<|>correcao inserir arte<|>1750713555
STDERR:


==================== 2025-09-26 11:58:36.213876 ====================
CWD: C:/Users/adw73/Desktop/01 - Desenvolvimento/02 - Projetos/01 - Gerador de Orçamento/orcamento_rev2
COMMAND: "C:\Program Files\Git\bin\git.exe" tag --points-at b702a10
RETURN CODE: 0
STDOUT:
 M sistema-versao/gerenciador_versao_unificado.py
?? sistema-versao/debug.log

STDERR:


==================== 2025-09-26 11:58:36.235899 ====================
CWD: C:/Users/adw73/Desktop/01 - Desenvolvimento/02 - Projetos/01 - Gerador de Orçamento/orcamento_rev2
COMMAND: "C:\Program Files\Git\bin\git.exe" branch --show-current
RETURN CODE: 0
STDOUT:

STDERR:


==================== 2025-09-26 11:58:36.350355 ====================
CWD: C:/Users/adw73/Desktop/01 - Desenvolvimento/02 - Projetos/01 - Gerador de Orçamento/orcamento_rev2
COMMAND: "C:\Program Files\Git\bin\git.exe" tag --points-at 76b1d22
RETURN CODE: 0
STDOUT:
restore_0724_2219

STDERR:


==================== 2025-09-26 11:58:36.367604 ====================
CWD: C:/Users/adw73/Desktop/01 - Desenvolvimento/02 - Projetos/01 - Gerador de Orçamento/orcamento_rev2
COMMAND: "C:\Program Files\Git\bin\git.exe" for-each-ref --format="%(refname:short)<|>%(committerdate:format:%d/%m %H:%M)<|>%(committerdate:unix)" refs/heads/
RETURN CODE: 0
STDOUT:

STDERR:


==================== 2025-09-26 11:58:36.486878 ====================
CWD: C:/Users/adw73/Desktop/01 - Desenvolvimento/02 - Projetos/01 - Gerador de Orçamento/orcamento_rev2
COMMAND: "C:\Program Files\Git\bin\git.exe" tag --points-at bdb8552
RETURN CODE: 0
STDOUT:
04_06_25<|>30/05 18:12<|>1748639520
fork_0608_2225_alt_tamanhos<|>09/06 22:29<|>1749518978
fork_0709_1313_gestao<|>10/07 19:04<|>1752185045
fork_0710_1913<|>09/07 14:09<|>1752080976
fork_0710_1913_seguro<|>11/07 16:28<|>1752262125
fork_20250604_1<|>04/06 13:03<|>1749053029
fork_20250604_2<|>04/06 22:41<|>1749087679
fork_20250604_2243<|>04/06 22:46<|>1749087979
fork_20250604_2253<|>04/06 23:03<|>1749088986
fork_20250604_2303<|>04/06 23:36<|>1749090960
fork_20250605_1654<|>04/06 13:03<|>1749053029
fork_20250606_1402<|>06/06 14:51<|>1749232291
fork_20250606_1453<|>06/06 16:53<|>1749239625
fork_20250606_1653<|>06/06 17:18<|>1749241082
fork_20250606_1718<|>06/06 19:25<|>1749248747
fork_20250606_1925<|>08/06 21:38<|>1749429508
main<|>03/06 21:53<|>1748998393
master<|>30/05 16:56<|>1748634962
restore_0608_2138<|>08/06 22:24<|>1749432294
restore_0609_2229<|>16/06 23:21<|>1750126884
restore_0616_2321<|>19/06 14:14<|>1750353280
restore_0619_1414<|>20/06 21:56<|>1750467392
restore_0620_2239<|>20/06 22:39<|>1750469980
restore_0620_2240<|>30/06 12:53<|>1751298782
restore_0630_1253<|>03/07 22:35<|>1751592930
restore_0703_2235<|>05/07 19:49<|>1751755769
restore_0705_1949_edit_direct_view<|>09/07 13:13<|>1752077618
restore_0709_1314<|>09/07 14:09<|>1752080976
restore_0710_1908<|>09/07 13:13<|>1752077618
restore_0711_1629<|>11/07 17:04<|>1752264274
restore_0711_1704<|>17/07 21:49<|>1752799771
restore_0717_2150<|>18/07 17:55<|>1752872128
restore_0718_1755<|>18/07 18:26<|>1752873980
restore_0718_1826<|>24/07 22:18<|>1753406289
restore_0724_2219<|>26/09 11:31<|>1758897099
restore_20250604_2249<|>04/06 22:46<|>1749087979
restore_20250604_2250<|>04/06 22:41<|>1749087679
restore_20250604_2251<|>04/06 22:53<|>1749088424
restore_20250604_2324<|>04/06 23:12<|>1749089579
restore_20250605_1639<|>04/06 23:36<|>1749090960
restore_20250605_1643<|>05/06 18:59<|>1749160763
restore_20250605_1859<|>05/06 22:15<|>1749172508
restore_20250605_2216<|>05/06 22:23<|>1749173032
restore_20250605_2223<|>05/06 20:49<|>1749167370
restore_20250605_2224<|>05/06 22:15<|>1749172508
restore_20250605_2225<|>05/06 20:49<|>1749167370
restore_20250605_2226<|>05/06 20:49<|>1749167370
restore_20250605_2228<|>05/06 23:30<|>1749177012
restore_20250605_2330<|>05/06 23:03<|>1749175407
restore_20250605_2349<|>05/06 23:03<|>1749175407
restore_20250605_2350<|>05/06 23:50<|>1749178236
restore_20250605_2351<|>06/06 00:07<|>1749179265
restore_20250606_0007<|>06/06 14:02<|>1749229332
restore_20250608_2053<|>08/06 20:53<|>1749426812
restore_20250608_2054<|>08/06 16:22<|>1749410553

STDERR:


==================== 2025-09-26 11:58:36.528438 ====================
CWD: C:/Users/adw73/Desktop/01 - Desenvolvimento/02 - Projetos/01 - Gerador de Orçamento/orcamento_rev2
COMMAND: "C:\Program Files\Git\bin\git.exe" branch --show-current
RETURN CODE: 0
STDOUT:

STDERR:


==================== 2025-09-26 11:58:36.629414 ====================
CWD: C:/Users/adw73/Desktop/01 - Desenvolvimento/02 - Projetos/01 - Gerador de Orçamento/orcamento_rev2
COMMAND: "C:\Program Files\Git\bin\git.exe" tag --points-at 7cbe8ab
RETURN CODE: 0
STDOUT:
restore_0724_2219

STDERR:


==================== 2025-09-26 11:58:36.659612 ====================
CWD: C:/Users/adw73/Desktop/01 - Desenvolvimento/02 - Projetos/01 - Gerador de Orçamento/orcamento_rev2
COMMAND: "C:\Program Files\Git\bin\git.exe" status --porcelain
RETURN CODE: 0
STDOUT:

STDERR:


==================== 2025-09-26 11:58:36.766535 ====================
CWD: C:/Users/adw73/Desktop/01 - Desenvolvimento/02 - Projetos/01 - Gerador de Orçamento/orcamento_rev2
COMMAND: "C:\Program Files\Git\bin\git.exe" tag --points-at 500756a
RETURN CODE: 0
STDOUT:
 M sistema-versao/gerenciador_versao_unificado.py
?? sistema-versao/debug.log

STDERR:

RETURN CODE: 0
STDOUT:

STDERR:


==================== 2025-09-26 11:58:36.910511 ====================
CWD: C:/Users/adw73/Desktop/01 - Desenvolvimento/02 - Projetos/01 - Gerador de Orçamento/orcamento_rev2
COMMAND: "C:\Program Files\Git\bin\git.exe" tag --points-at b3f035c
RETURN CODE: 0
STDOUT:

STDERR:


==================== 2025-09-26 11:58:37.055736 ====================
CWD: C:/Users/adw73/Desktop/01 - Desenvolvimento/02 - Projetos/01 - Gerador de Orçamento/orcamento_rev2
COMMAND: "C:\Program Files\Git\bin\git.exe" tag --points-at 9abe844
RETURN CODE: 0
STDOUT:

STDERR:


==================== 2025-09-26 11:58:37.193682 ====================
CWD: C:/Users/adw73/Desktop/01 - Desenvolvimento/02 - Projetos/01 - Gerador de Orçamento/orcamento_rev2
COMMAND: "C:\Program Files\Git\bin\git.exe" tag --points-at 2fa34f6
RETURN CODE: 0
STDOUT:

STDERR:


==================== 2025-09-26 11:58:37.324101 ====================
CWD: C:/Users/adw73/Desktop/01 - Desenvolvimento/02 - Projetos/01 - Gerador de Orçamento/orcamento_rev2
COMMAND: "C:\Program Files\Git\bin\git.exe" tag --points-at f6b2118
RETURN CODE: 0
STDOUT:

STDERR:


==================== 2025-09-26 11:58:37.458072 ====================
CWD: C:/Users/adw73/Desktop/01 - Desenvolvimento/02 - Projetos/01 - Gerador de Orçamento/orcamento_rev2
COMMAND: "C:\Program Files\Git\bin\git.exe" tag --points-at 8bc1e9d
RETURN CODE: 0
STDOUT:

STDERR:


==================== 2025-09-26 11:58:37.592970 ====================
CWD: C:/Users/adw73/Desktop/01 - Desenvolvimento/02 - Projetos/01 - Gerador de Orçamento/orcamento_rev2
COMMAND: "C:\Program Files\Git\bin\git.exe" tag --points-at f9e4b8a
RETURN CODE: 0
STDOUT:

STDERR:


==================== 2025-09-26 11:58:37.732734 ====================
CWD: C:/Users/adw73/Desktop/01 - Desenvolvimento/02 - Projetos/01 - Gerador de Orçamento/orcamento_rev2
COMMAND: "C:\Program Files\Git\bin\git.exe" tag --points-at 5f9387d
RETURN CODE: 0
STDOUT:

STDERR:


==================== 2025-09-26 11:58:37.867121 ====================
CWD: C:/Users/adw73/Desktop/01 - Desenvolvimento/02 - Projetos/01 - Gerador de Orçamento/orcamento_rev2
COMMAND: "C:\Program Files\Git\bin\git.exe" tag --points-at 9fa0aeb
RETURN CODE: 0
STDOUT:

STDERR:


==================== 2025-09-26 11:58:38.000267 ====================
CWD: C:/Users/adw73/Desktop/01 - Desenvolvimento/02 - Projetos/01 - Gerador de Orçamento/orcamento_rev2
COMMAND: "C:\Program Files\Git\bin\git.exe" tag --points-at bb5ed2e
RETURN CODE: 0
STDOUT:

STDERR:


==================== 2025-09-26 11:58:38.132913 ====================
CWD: C:/Users/adw73/Desktop/01 - Desenvolvimento/02 - Projetos/01 - Gerador de Orçamento/orcamento_rev2
COMMAND: "C:\Program Files\Git\bin\git.exe" tag --points-at 30c65c6
RETURN CODE: 0
STDOUT:

STDERR:


==================== 2025-09-26 11:58:38.264084 ====================
CWD: C:/Users/adw73/Desktop/01 - Desenvolvimento/02 - Projetos/01 - Gerador de Orçamento/orcamento_rev2
COMMAND: "C:\Program Files\Git\bin\git.exe" tag --points-at 81c37a8
RETURN CODE: 0
STDOUT:

STDERR:


==================== 2025-09-26 11:58:38.402013 ====================
CWD: C:/Users/adw73/Desktop/01 - Desenvolvimento/02 - Projetos/01 - Gerador de Orçamento/orcamento_rev2
COMMAND: "C:\Program Files\Git\bin\git.exe" tag --points-at cef4888
RETURN CODE: 0
STDOUT:

STDERR:


==================== 2025-09-26 11:58:38.536939 ====================
CWD: C:/Users/adw73/Desktop/01 - Desenvolvimento/02 - Projetos/01 - Gerador de Orçamento/orcamento_rev2
COMMAND: "C:\Program Files\Git\bin\git.exe" tag --points-at a831c8e
RETURN CODE: 0
STDOUT:

STDERR:


==================== 2025-09-26 11:58:38.674852 ====================
CWD: C:/Users/adw73/Desktop/01 - Desenvolvimento/02 - Projetos/01 - Gerador de Orçamento/orcamento_rev2
COMMAND: "C:\Program Files\Git\bin\git.exe" tag --points-at ae336bb
RETURN CODE: 0
STDOUT:

STDERR:


==================== 2025-09-26 11:58:38.813249 ====================
CWD: C:/Users/adw73/Desktop/01 - Desenvolvimento/02 - Projetos/01 - Gerador de Orçamento/orcamento_rev2
COMMAND: "C:\Program Files\Git\bin\git.exe" tag --points-at c42672a
RETURN CODE: 0
STDOUT:

STDERR:


==================== 2025-09-26 11:58:38.949159 ====================
CWD: C:/Users/adw73/Desktop/01 - Desenvolvimento/02 - Projetos/01 - Gerador de Orçamento/orcamento_rev2
COMMAND: "C:\Program Files\Git\bin\git.exe" status --porcelain
RETURN CODE: 0
STDOUT:
 M sistema-versao/gerenciador_versao_unificado.py
?? sistema-versao/debug.log

STDERR:


==================== 2025-09-26 11:58:39.090632 ====================
CWD: C:/Users/adw73/Desktop/01 - Desenvolvimento/02 - Projetos/01 - Gerador de Orçamento/orcamento_rev2
COMMAND: "C:\Program Files\Git\bin\git.exe" branch --show-current
RETURN CODE: 0
STDOUT:
restore_0724_2219

STDERR:


==================== 2025-09-26 11:58:39.221916 ====================
CWD: C:/Users/adw73/Desktop/01 - Desenvolvimento/02 - Projetos/01 - Gerador de Orçamento/orcamento_rev2
COMMAND: "C:\Program Files\Git\bin\git.exe" for-each-ref --format="%(refname:short)<|>%(committerdate:format:%d/%m %H:%M)<|>%(committerdate:unix)" refs/heads/
RETURN CODE: 0
STDOUT:
04_06_25<|>30/05 18:12<|>1748639520
fork_0608_2225_alt_tamanhos<|>09/06 22:29<|>1749518978
fork_0709_1313_gestao<|>10/07 19:04<|>1752185045
fork_0710_1913<|>09/07 14:09<|>1752080976
fork_0710_1913_seguro<|>11/07 16:28<|>1752262125
fork_20250604_1<|>04/06 13:03<|>1749053029
fork_20250604_2<|>04/06 22:41<|>1749087679
fork_20250604_2243<|>04/06 22:46<|>1749087979
fork_20250604_2253<|>04/06 23:03<|>1749088986
fork_20250604_2303<|>04/06 23:36<|>1749090960
fork_20250605_1654<|>04/06 13:03<|>1749053029
fork_20250606_1402<|>06/06 14:51<|>1749232291
fork_20250606_1453<|>06/06 16:53<|>1749239625
fork_20250606_1653<|>06/06 17:18<|>1749241082
fork_20250606_1718<|>06/06 19:25<|>1749248747
fork_20250606_1925<|>08/06 21:38<|>1749429508
main<|>03/06 21:53<|>1748998393
master<|>30/05 16:56<|>1748634962
restore_0608_2138<|>08/06 22:24<|>1749432294
restore_0609_2229<|>16/06 23:21<|>1750126884
restore_0616_2321<|>19/06 14:14<|>1750353280
restore_0619_1414<|>20/06 21:56<|>1750467392
restore_0620_2239<|>20/06 22:39<|>1750469980
restore_0620_2240<|>30/06 12:53<|>1751298782
restore_0630_1253<|>03/07 22:35<|>1751592930
restore_0703_2235<|>05/07 19:49<|>1751755769
restore_0705_1949_edit_direct_view<|>09/07 13:13<|>1752077618
restore_0709_1314<|>09/07 14:09<|>1752080976
restore_0710_1908<|>09/07 13:13<|>1752077618
restore_0711_1629<|>11/07 17:04<|>1752264274
restore_0711_1704<|>17/07 21:49<|>1752799771
restore_0717_2150<|>18/07 17:55<|>1752872128
restore_0718_1755<|>18/07 18:26<|>1752873980
restore_0718_1826<|>24/07 22:18<|>1753406289
restore_0724_2219<|>26/09 11:31<|>1758897099
restore_20250604_2249<|>04/06 22:46<|>1749087979
restore_20250604_2250<|>04/06 22:41<|>1749087679
restore_20250604_2251<|>04/06 22:53<|>1749088424
restore_20250604_2324<|>04/06 23:12<|>1749089579
restore_20250605_1639<|>04/06 23:36<|>1749090960
restore_20250605_1643<|>05/06 18:59<|>1749160763
restore_20250605_1859<|>05/06 22:15<|>1749172508
restore_20250605_2216<|>05/06 22:23<|>1749173032
restore_20250605_2223<|>05/06 20:49<|>1749167370
restore_20250605_2224<|>05/06 22:15<|>1749172508
restore_20250605_2225<|>05/06 20:49<|>1749167370
restore_20250605_2226<|>05/06 20:49<|>1749167370
restore_20250605_2228<|>05/06 23:30<|>1749177012
restore_20250605_2330<|>05/06 23:03<|>1749175407
restore_20250605_2349<|>05/06 23:03<|>1749175407
restore_20250605_2350<|>05/06 23:50<|>1749178236
restore_20250605_2351<|>06/06 00:07<|>1749179265
restore_20250606_0007<|>06/06 14:02<|>1749229332
restore_20250608_2053<|>08/06 20:53<|>1749426812
restore_20250608_2054<|>08/06 16:22<|>1749410553

STDERR:


==================== 2025-09-26 11:58:39.376889 ====================
CWD: C:/Users/adw73/Desktop/01 - Desenvolvimento/02 - Projetos/01 - Gerador de Orçamento/orcamento_rev2
COMMAND: "C:\Program Files\Git\bin\git.exe" branch --show-current
RETURN CODE: 0
STDOUT:
restore_0724_2219

STDERR:


==================== 2025-09-26 11:58:39.510434 ====================
CWD: C:/Users/adw73/Desktop/01 - Desenvolvimento/02 - Projetos/01 - Gerador de Orçamento/orcamento_rev2
COMMAND: "C:\Program Files\Git\bin\git.exe" status --porcelain
RETURN CODE: 0
STDOUT:
 M sistema-versao/gerenciador_versao_unificado.py
?? sistema-versao/debug.log

STDERR:


==================== 2025-09-26 11:59:40.391456 ====================
CWD: C:/Users/adw73/Desktop/01 - Desenvolvimento/02 - Projetos/01 - Gerador de Orçamento/orcamento_rev2
COMMAND: "C:\Program Files\Git\bin\git.exe" status --porcelain
RETURN CODE: 0
STDOUT:
 M sistema-versao/gerenciador_versao_unificado.py
?? sistema-versao/debug.log

STDERR:


==================== 2025-09-26 11:59:43.799312 ====================
CWD: C:/Users/adw73/Desktop/01 - Desenvolvimento/02 - Projetos/01 - Gerador de Orçamento/orcamento_rev2
COMMAND: "C:\Program Files\Git\bin\git.exe" add .
